[2016.07.06-20.46.08:567][  0]Log file open, 07/06/16 14:46:08
[2016.07.06-20.46.08:567][  0]LogInit:Display: Running engine for game: Module_2
[2016.07.06-20.46.08:567][  0]LogInit:Display: RandInit(-224815236) SRandInit(-224815234).
[2016.07.06-20.46.08:567][  0]LogTaskGraph: Started task graph with 4 named threads and 7 total threads.
[2016.07.06-20.46.08:567][  0]LogStats: Stats thread started at 0.171111
[2016.07.06-20.46.08:568][  0]LogInit: Version: 4.9.2-2707645+++depot+UE4-Releases+4.9
[2016.07.06-20.46.08:568][  0]LogInit: API Version: 2672455
[2016.07.06-20.46.08:568][  0]LogInit: Compiled (64-bit): Sep 28 2015 10:25:44
[2016.07.06-20.46.08:568][  0]LogInit: Compiled with Visual C++: 18.00.21005.01
[2016.07.06-20.46.08:568][  0]LogInit: Build Configuration: Development
[2016.07.06-20.46.08:568][  0]LogInit: Branch Name: ++depot+UE4-Releases+4.9
[2016.07.06-20.46.08:568][  0]LogInit: Command line:  
[2016.07.06-20.46.08:568][  0]LogInit: Base directory: C:/Program Files/Epic Games/4.9/Engine/Binaries/Win64/
[2016.07.06-20.46.08:568][  0]LogInit: Rocket: 1
[2016.07.06-20.46.08:600][  0]LogInit: Using libcurl 7.41.0
[2016.07.06-20.46.08:600][  0]LogInit:  - built for x86_64-pc-win32
[2016.07.06-20.46.08:600][  0]LogInit:  - supports SSL with WinSSL
[2016.07.06-20.46.08:600][  0]LogInit:  - other features:
[2016.07.06-20.46.08:600][  0]LogInit:      CURL_VERSION_SSL
[2016.07.06-20.46.08:600][  0]LogInit:      CURL_VERSION_IPV6
[2016.07.06-20.46.08:600][  0]LogInit:      CURL_VERSION_ASYNCHDNS
[2016.07.06-20.46.08:600][  0]LogInit:      CURL_VERSION_LARGEFILE
[2016.07.06-20.46.08:600][  0]LogInit:      CURL_VERSION_IDN
[2016.07.06-20.46.08:600][  0]LogInit:  CurlRequestOptions (configurable via config and command line):
[2016.07.06-20.46.08:600][  0]LogInit:  - bVerifyPeer = true  - Libcurl will verify peer certificate
[2016.07.06-20.46.08:600][  0]LogInit:  - bUseHttpProxy = false  - Libcurl will NOT use HTTP proxy
[2016.07.06-20.46.08:600][  0]LogInit:  - bDontReuseConnections = false  - Libcurl will reuse connections
[2016.07.06-20.46.08:600][  0]LogInit:  - CertBundlePath = nullptr  - Libcurl will use whatever was configured at build time.
[2016.07.06-20.46.08:630][  0]LogInit: Presizing for 0 objects not considered by GC, pre-allocating 0 bytes.
[2016.07.06-20.46.08:662][  0]LogInit: Object subsystem initialized
[2016.07.06-20.46.08:668][  0]LogInit: Selected Device Profile: [Windows]
[2016.07.06-20.46.08:668][  0]LogInit: Applying CVar settings loaded from the selected device profile: [Windows]
[2016.07.06-20.46.08:712][  0]LogInit: Computer: SHITCAKES
[2016.07.06-20.46.08:712][  0]LogInit: User: Emily
[2016.07.06-20.46.08:712][  0]LogInit: CPU Page size=4096, Cores=4
[2016.07.06-20.46.08:712][  0]LogInit: High frequency timer resolution =1.754526 MHz
[2016.07.06-20.46.08:712][  0]LogMemory: Memory total: Physical=6.9GB (7GB approx)
[2016.07.06-20.46.08:712][  0]LogMemory: Platform Memory Stats for Windows
[2016.07.06-20.46.08:712][  0]LogMemory: Process Physical Memory: 52.13 MB used, 52.13 MB peak
[2016.07.06-20.46.08:712][  0]LogMemory: Process Virtual Memory: 57.12 MB used, 57.12 MB peak
[2016.07.06-20.46.08:712][  0]LogMemory: Physical Memory: 3370.48 MB used, 7103.49 MB total
[2016.07.06-20.46.08:712][  0]LogMemory: Virtual Memory: 351.90 MB used, 134217728.00 MB total
[2016.07.06-20.46.08:812][  0]LogTextLocalizationManager: No specific translations for ('en-US') exist, so ('en') translations will be used.
[2016.07.06-20.46.10:998][  0]LogD3D11RHI: Found D3D11 adapter 0: AMD Radeon(TM) R3 Graphics (Feature Level 11_0)
[2016.07.06-20.46.10:998][  0]LogD3D11RHI: Adapter has 1005MB of dedicated video memory, 0MB of dedicated system memory, and 3328MB of shared system memory, 1 output[s]
[2016.07.06-20.46.11:002][  0]LogD3D11RHI: Found D3D11 adapter 1: Microsoft Basic Render Driver (Feature Level 11_0)
[2016.07.06-20.46.11:003][  0]LogD3D11RHI: Adapter has 0MB of dedicated video memory, 0MB of dedicated system memory, and 256MB of shared system memory, 0 output[s]
[2016.07.06-20.46.11:003][  0]LogD3D11RHI: Chosen D3D11 Adapter Id = 0
[2016.07.06-20.46.11:018][  0]LogD3D11RHI: !Direct3DDevice
[2016.07.06-20.46.11:018][  0]LogRHI: Texture pool is 703 MB (70% of 1005 MB)
[2016.07.06-20.46.11:035][  0]LogD3D11RHI: Async texture creation disabled: no driver support
[2016.07.06-20.46.11:053][  0]LogShaderCompilers: Guid format shader working directory is 14 characters bigger than the processId version (../../../../../../Users/Emily/Documents/Unreal Projects/Module_2/Intermediate/Shaders/WorkingDirectory/10040/).
[2016.07.06-20.46.11:054][  0]LogShaderCompilers: Cleaned the shader compiler working directory '../../../../../../Users/Emily/Documents/Unreal Projects/Module_2/Intermediate/Shaders/tmp/76B9F0E648D0BCE4ADB3E691CC36DE13/'.
[2016.07.06-20.46.11:054][  0]LogShaderCompilers:Display: Using Local Shader Compiler.
[2016.07.06-20.46.17:361][  0]LogTemp:Display: Loaded TP AllDesktopTargetPlatform
[2016.07.06-20.46.17:405][  0]LogTemp:Display: Loaded TP WindowsClientTargetPlatform
[2016.07.06-20.46.17:443][  0]LogTemp:Display: Loaded TP WindowsNoEditorTargetPlatform
[2016.07.06-20.46.17:481][  0]LogTemp:Display: Loaded TP WindowsServerTargetPlatform
[2016.07.06-20.46.17:514][  0]LogTemp:Display: Loaded TP WindowsTargetPlatform
[2016.07.06-20.46.17:539][  0]LogTemp:Display: Loaded TP AndroidTargetPlatform
[2016.07.06-20.46.17:565][  0]LogTemp:Display: Loaded TP Android_ASTCTargetPlatform
[2016.07.06-20.46.17:590][  0]LogTemp:Display: Loaded TP Android_ATCTargetPlatform
[2016.07.06-20.46.17:616][  0]LogTemp:Display: Loaded TP Android_DXTTargetPlatform
[2016.07.06-20.46.17:642][  0]LogTemp:Display: Loaded TP Android_ETC1TargetPlatform
[2016.07.06-20.46.17:669][  0]LogTemp:Display: Loaded TP Android_ETC2TargetPlatform
[2016.07.06-20.46.17:700][  0]LogTemp:Display: Loaded TP Android_PVRTCTargetPlatform
[2016.07.06-20.46.17:708][  0]LogTemp:Display: Loaded TP HTML5TargetPlatform
[2016.07.06-20.46.17:767][  0]LogTemp:Display: Loaded TP IOSTargetPlatform
[2016.07.06-20.46.17:794][  0]LogTemp:Display: Loaded TP LinuxNoEditorTargetPlatform
[2016.07.06-20.46.17:821][  0]LogTemp:Display: Loaded TP LinuxServerTargetPlatform
[2016.07.06-20.46.17:850][  0]LogTemp:Display: Loaded TP LinuxTargetPlatform
[2016.07.06-20.46.17:850][  0]LogTargetPlatformManager:Display: Building Assets For Windows
[2016.07.06-20.46.18:528][  0]LogDerivedDataCache:Display: Max Cache Size: 512 MB
[2016.07.06-20.46.18:859][  0]LogDerivedDataCache: Loaded boot cache 0.33s 41MB C:/Users/Emily/AppData/Local/UnrealEngine/4.9/DerivedDataCache/Boot.ddc.
[2016.07.06-20.46.18:863][  0]LogDerivedDataCache:Display: Loaded Boot cache: C:/Users/Emily/AppData/Local/UnrealEngine/4.9/DerivedDataCache/Boot.ddc
[2016.07.06-20.46.18:864][  0]LogDerivedDataCache: FDerivedDataBackendGraph:  Pak pak cache file ../../../../../../Users/Emily/Documents/Unreal Projects/Module_2/DerivedDataCache/DDC.ddp not found, will not use a pak cache.
[2016.07.06-20.46.18:864][  0]LogDerivedDataCache: Unable to find inner node Pak for hierarchical cache Hierarchy.
[2016.07.06-20.46.18:864][  0]LogDerivedDataCache: FDerivedDataBackendGraph:  CompressedPak pak cache file ../../../../../../Users/Emily/Documents/Unreal Projects/Module_2/DerivedDataCache/Compressed.ddp not found, will not use a pak cache.
[2016.07.06-20.46.18:864][  0]LogDerivedDataCache: Unable to find inner node CompressedPak for hierarchical cache Hierarchy.
[2016.07.06-20.46.19:440][  0]LogDerivedDataCache:Display: Pak cache opened for reading ../../../Engine/DerivedDataCache/Compressed.ddp.
[2016.07.06-20.46.19:470][  0]LogDerivedDataCache: Using Local data cache path C:/Users/Emily/AppData/Local/UnrealEngine/Common/DerivedDataCache: Writable
[2016.07.06-20.46.21:156][  0]LogInit: Selected Device Profile: [Windows]
[2016.07.06-20.46.21:185][  0]LogContentStreaming: Texture pool size is 0.000000MB
[2016.07.06-20.46.21:828][  0]LogMeshUtilities: No automatic mesh reduction module available
[2016.07.06-20.46.21:828][  0]LogMeshUtilities: No automatic mesh merging module available
[2016.07.06-20.46.23:312][  0]LogInit: WinSock: version 1.1 (2.2), MaxSocks=32767, MaxUdp=65467
[2016.07.06-20.46.28:728][  0]UdpMessaging: Initializing bridge on interface 0.0.0.0:0 to multicast group 230.0.0.1:6666.
[2016.07.06-20.46.29:073][  0]LogAssetRegistry: FAssetRegistry took 0.0130 seconds to start up
[2016.07.06-20.46.30:287][  0]SourceControl: Info Source control is disabled
[2016.07.06-20.46.30:300][  0]SourceControl: Info Source control is disabled
[2016.07.06-20.46.30:404][  0]SourceControl: Info Source control is disabled
[2016.07.06-20.46.30:501][  0]SourceControl: Info Source control is disabled
[2016.07.06-20.46.31:600][  0]LogLinker:Warning: Asset '../../../Engine/Plugins/Runtime/LeapMotionController/Content/LM_PassthroughMaterial.uasset' has been saved with empty engine version. The asset will be loaded but may be incompatible.
[2016.07.06-20.46.32:178][  0]LogObj: 28361 objects as part of root set at end of initial load.
[2016.07.06-20.46.32:178][  0]LogUObjectAllocator: 6038872 out of 0 bytes used by permanent object pool.
[2016.07.06-20.46.32:420][  0]LogEngine: Initializing Engine...
[2016.07.06-20.46.32:433][  0]LogHMD: Can't find Oculus library dev build: is proper Runtime installed? Version: 0.7.0.0
[2016.07.06-20.46.32:438][  0]LogHMD: SteamVR failed to initialize.  Err: 110
[2016.07.06-20.46.33:288][  0]LogAIModule: Creating AISystem for world NewWorld
[2016.07.06-20.46.33:314][  0]LogInit: XAudio2 using 'Speaker/HP (Realtek High Definition Audio)' : 2 channels at 48 kHz using 32 bits per sample (channel mask 0x3)
[2016.07.06-20.46.33:391][  0]LogInit: FAudioDevice initialized.
[2016.07.06-20.46.33:493][  0]LogDerivedDataCache: Saved boot cache 0.10s 41MB C:/Users/Emily/AppData/Local/UnrealEngine/4.9/DerivedDataCache/Boot.ddc.
[2016.07.06-20.46.33:542][  0]LogInit: Texture streaming: Enabled
[2016.07.06-20.46.33:579][  0]LogAnalytics: Creating configured Analytics provider AnalyticsET
[2016.07.06-20.46.33:579][  0]LogAnalytics: [UEEditor.Rocket.Release] APIServer = http://et2.epicgames.com/ET2/. AppVersion = 4.9.2-2707645+++depot+UE4-Releases+4.9
[2016.07.06-20.46.33:580][  0]LogAnalytics: [UEEditor.Rocket.Release] SetUserId de592b564a38d95539caf8a17c7b852e|2cb0bd1b75434ae4964071df44d5d8c3|d1422b63-4fbc-4514-b599-6c96ee7dccec
[2016.07.06-20.46.33:580][  0]LogAnalytics: [UEEditor.Rocket.Release] AnalyticsET::StartSession
[2016.07.06-20.46.33:795][  0]LogInit: Transaction tracking system initialized
[2016.07.06-20.46.33:999][  0]BlueprintLog: New page: Editor Load
[2016.07.06-20.46.34:528][  0]LocalizationService: Info Localization service is disabled
[2016.07.06-20.46.36:336][  0]LogConsoleResponse:Display: 
[2016.07.06-20.46.37:047][  0]LogCook:Display: Done creating registry. It took  0.00s.
[2016.07.06-20.46.37:381][  0]LogFileCache: Scanning file cache for directory 'C:/Users/Emily/Documents/Unreal Projects/Module_2/Content/' took 0.03s
[2016.07.06-20.46.37:381][  0]SourceControl: Info Source control is disabled
[2016.07.06-20.46.42:574][  0]LogWindowsTextInputMethodSystem:Display: IME system now deactivated.
[2016.07.06-20.46.42:600][  0]LogWindowsTextInputMethodSystem:Display: IME system now deactivated.
[2016.07.06-20.46.42:603][  0]Cmd: MAP LOAD FILE="../../../../../../Users/Emily/Documents/Unreal Projects/Module_2/Content/ThirdPersonBP/Maps/ThirdPersonExampleMap.umap" TEMPLATE=0 SHOWPROGRESS=1 FEATURELEVEL=3
[2016.07.06-20.46.42:606][  0]LightingResults: New page: Lighting Build
[2016.07.06-20.46.42:630][  0]MapCheck: New page: Map Check
[2016.07.06-20.46.42:630][  0]LightingResults: New page: Lighting Build
[2016.07.06-20.46.42:685][  0]LogParticles: Destroying 0 GPU particle simulations for FXSystem 0x000000D804972160
[2016.07.06-20.46.42:704][  0]LogLinker:Warning: Asset '../../../../../../Users/Emily/Documents/Unreal Projects/Module_2/Content/ThirdPersonBP/Blueprints/ThirdPersonCharacter.uasset' has been saved with empty engine version. The asset will be loaded but may be incompatible.
[2016.07.06-20.46.42:713][  0]LogLinker:Warning: Asset '../../../../../../Users/Emily/Documents/Unreal Projects/Module_2/Content/Mannequin/Animations/ThirdPerson_AnimBP.uasset' has been saved with empty engine version. The asset will be loaded but may be incompatible.
[2016.07.06-20.46.42:720][  0]LogLinker:Warning: Asset '../../../../../../Users/Emily/Documents/Unreal Projects/Module_2/Content/Mannequin/Animations/ThirdPerson_Jump.uasset' has been saved with empty engine version. The asset will be loaded but may be incompatible.
[2016.07.06-20.46.42:729][  0]LogLinker:Warning: Asset '../../../../../../Users/Emily/Documents/Unreal Projects/Module_2/Content/Mannequin/Animations/ThirdPersonJump_Loop.uasset' has been saved with empty engine version. The asset will be loaded but may be incompatible.
[2016.07.06-20.46.42:735][  0]LogLinker:Warning: Asset '../../../../../../Users/Emily/Documents/Unreal Projects/Module_2/Content/Mannequin/Animations/ThirdPersonJump_Start.uasset' has been saved with empty engine version. The asset will be loaded but may be incompatible.
[2016.07.06-20.46.42:741][  0]LogLinker:Warning: Asset '../../../../../../Users/Emily/Documents/Unreal Projects/Module_2/Content/Mannequin/Animations/ThirdPerson_IdleRun_2D.uasset' has been saved with empty engine version. The asset will be loaded but may be incompatible.
[2016.07.06-20.46.42:743][  0]LogLinker:Warning: Asset '../../../../../../Users/Emily/Documents/Unreal Projects/Module_2/Content/Mannequin/Animations/ThirdPersonIdle.uasset' has been saved with empty engine version. The asset will be loaded but may be incompatible.
[2016.07.06-20.46.42:750][  0]LogLinker:Warning: Asset '../../../../../../Users/Emily/Documents/Unreal Projects/Module_2/Content/Mannequin/Animations/ThirdPersonRun.uasset' has been saved with empty engine version. The asset will be loaded but may be incompatible.
[2016.07.06-20.46.42:757][  0]LogLinker:Warning: Asset '../../../../../../Users/Emily/Documents/Unreal Projects/Module_2/Content/Mannequin/Animations/ThirdPersonWalk.uasset' has been saved with empty engine version. The asset will be loaded but may be incompatible.
[2016.07.06-20.46.46:902][  0]LogAIModule: Creating AISystem for world ThirdPersonExampleMap
[2016.07.06-20.46.46:921][  0]LogMaterial:Warning: Material /Game/StarterContent/Materials/M_Metal_Rust.M_Metal_Rust needed to have new flag set bUsedWithLandscape !
[2016.07.06-20.46.46:946][  0]LogMaterial: Missing cached shader map for material M_Metal_Rust, compiling. 
[2016.07.06-20.46.47:199][  0]MapCheck:Warning: Warning M_Metal_Rust Material /Game/StarterContent/Materials/M_Metal_Rust.M_Metal_Rust was missing the usage flag bUsedWithLandscape. If the material asset is not re-saved, it may not render correctly when run outside the editor. Fix
[2016.07.06-20.46.47:214][  0]LogMaterial: 0.002311 seconds spent updating 1 materials, 1 interfaces, 65 instances, 0 with static permutations.
[2016.07.06-20.46.47:625][  0]LogEditorServer: Finished looking for orphan Actors (0.000 secs)
[2016.07.06-20.46.47:645][  0]Cmd: MAP CHECKDEP NOCLEARLOG
[2016.07.06-20.46.48:155][  0]MapCheck: Info Map check complete: 0 Error(s), 1 Warning(s), took 509.763ms to complete.
[2016.07.06-20.46.48:190][  0]LogFileHelpers: Loading map 'ThirdPersonExampleMap' took 5.587
[2016.07.06-20.46.48:209][  0]LogWindowsTextInputMethodSystem:Display: IME system now deactivated.
[2016.07.06-20.46.48:564][  0]LogCollectionManager: Loaded 0 collections in 0.011174 seconds
[2016.07.06-20.46.48:641][  0]LogFileCache: Scanning file cache for directory 'C:/Users/Emily/Documents/Unreal Projects/Module_2/Saved/Collections/' took 0.01s
[2016.07.06-20.46.48:641][  0]LogFileCache: Scanning file cache for directory 'C:/Users/Emily/Documents/Unreal Projects/Module_2/Content/Developers/Emily/Collections/' took 0.01s
[2016.07.06-20.46.48:641][  0]LogFileCache: Scanning file cache for directory 'C:/Users/Emily/Documents/Unreal Projects/Module_2/Content/Collections/' took 0.01s
[2016.07.06-20.46.48:642][  0]LogContentBrowser: Native class hierarchy populated in 0.0294 seconds. Added 1868 classes and 335 folders.
[2016.07.06-20.46.48:657][  0]LogCollectionManager: Rebuilt the GUID cache for 0 collections in 0.000007 seconds
[2016.07.06-20.46.48:687][  0]LogContentBrowser: Native class hierarchy updated for 'WidgetCarousel' in 0.0012 seconds. Added 0 classes and 0 folders.
[2016.07.06-20.46.49:016][  0]LogContentBrowser: Native class hierarchy updated for 'AddContentDialog' in 0.0016 seconds. Added 0 classes and 0 folders.
[2016.07.06-20.46.49:033][  0]LogCrashTracker: Crashtracker disabled due to settings.
[2016.07.06-20.46.49:048][  0]LogUObjectGlobals:Warning: Failed to find object 'Class None.'
[2016.07.06-20.46.49:082][  0]LogStats:Warning: MetaData mismatch. Did you assign a stat to two groups? New //STATGROUP_Threads//SplashScreenThread///Thread_1f08_0///####STATCAT_Advanced#### old //STATGROUP_Threads//SplashScreenThread///Thread_19e8_0///####STATCAT_Advanced####
[2016.07.06-20.46.49:082][  0]LogLoad: Full Startup: 42.29 seconds (BP compile: 0.75 seconds)
[2016.07.06-20.46.49:310][  0]LogContentStreaming: Texture pool size now 200 MB
[2016.07.06-20.46.49:740][  0]LogRenderer: Reallocating scene render targets to support 992x456 (Frame:2).
[2016.07.06-20.46.50:340][  1]Cmd: UpdateLandscapeEditorData -warnings
[2016.07.06-20.46.51:767][ 11]LogAssetRegistry: Asset discovery search completed in 22.7062 seconds
[2016.07.06-20.46.51:767][ 11]LogCollectionManager: Rebuilt the object cache for 0 collections in 0.000002 seconds (found 0 objects)
[2016.07.06-20.46.51:767][ 11]LogCollectionManager: Fixed up redirectors for 0 collections in 0.000077 seconds (updated 0 objects)
[2016.07.06-20.56.30:744][681]Cmd: QUIT_EDITOR
[2016.07.06-20.56.32:667][681]LogExit: Preparing to exit.
[2016.07.06-20.56.33:586][681]LogExit: Editor shut down
[2016.07.06-20.56.33:587][681]LogExit: Transaction tracking system shut down
[2016.07.06-20.56.33:645][681]LogParticles: Destroying 0 GPU particle simulations for FXSystem 0x0000006C93A65C60
[2016.07.06-20.56.33:654][681]LogParticles: Destroying 0 GPU particle simulations for FXSystem 0x0000006C97961C60
[2016.07.06-20.56.33:654][681]LogParticles: Destroying 0 GPU particle simulations for FXSystem 0x0000006C977DEA20
[2016.07.06-20.56.33:655][681]LogParticles: Destroying 0 GPU particle simulations for FXSystem 0x0000006C975C9A80
[2016.07.06-20.56.34:636][681]LogExit: Object subsystem successfully closed.
[2016.07.06-20.56.34:656][681]LogD3D11RHI: Shutdown
[2016.07.06-20.56.34:656][681]LogD3D11RHI: CleanupD3DDevice
[2016.07.06-20.56.34:757][681]LogD3D11RHI: ~FD3D11DynamicRHI
[2016.07.06-20.56.34:884][681]LogModuleManager: Shutting down and abandoning module CrashTracker (197)
[2016.07.06-20.56.34:884][681]LogModuleManager: Shutting down and abandoning module SuperSearch (196)
[2016.07.06-20.56.34:884][681]LogModuleManager: Shutting down and abandoning module WidgetCarousel (195)
[2016.07.06-20.56.34:884][681]LogModuleManager: Shutting down and abandoning module AddContentDialog (194)
[2016.07.06-20.56.34:891][681]LogModuleManager: Shutting down and abandoning module EditorWidgets (193)
[2016.07.06-20.56.34:891][681]LogModuleManager: Shutting down and abandoning module CollectionManager (192)
[2016.07.06-20.56.34:892][681]LogModuleManager: Shutting down and abandoning module SceneOutliner (191)
[2016.07.06-20.56.34:892][681]LogModuleManager: Shutting down and abandoning module StatsViewer (190)
[2016.07.06-20.56.34:892][681]LogModuleManager: Shutting down and abandoning module FoliageEdit (189)
[2016.07.06-20.56.34:892][681]LogModuleManager: Shutting down and abandoning module LandscapeEditor (188)
[2016.07.06-20.56.34:893][681]LogModuleManager: Shutting down and abandoning module ActorPickerMode (187)
[2016.07.06-20.56.34:894][681]LogModuleManager: Shutting down and abandoning module GeometryMode (186)
[2016.07.06-20.56.34:894][681]LogModuleManager: Shutting down and abandoning module TextureAlignMode (185)
[2016.07.06-20.56.34:894][681]LogModuleManager: Shutting down and abandoning module BspMode (184)
[2016.07.06-20.56.34:894][681]LogModuleManager: Shutting down and abandoning module PlacementMode (183)
[2016.07.06-20.56.34:894][681]LogModuleManager: Shutting down and abandoning module AutomationWorker (182)
[2016.07.06-20.56.34:894][681]LogModuleManager: Shutting down and abandoning module CharacterAI (181)
[2016.07.06-20.56.34:894][681]LogModuleManager: Shutting down and abandoning module SmartSnapping (180)
[2016.07.06-20.56.34:894][681]LogModuleManager: Shutting down and abandoning module ViewportSnapping (179)
[2016.07.06-20.56.34:894][681]LogModuleManager: Shutting down and abandoning module LogVisualizer (178)
[2016.07.06-20.56.34:895][681]LogModuleManager: Shutting down and abandoning module GameProjectGeneration (177)
[2016.07.06-20.56.34:895][681]LogModuleManager: Shutting down and abandoning module IntroTutorials (176)
[2016.07.06-20.56.34:895][681]LogModuleManager: Shutting down and abandoning module EditorLiveStreaming (175)
[2016.07.06-20.56.34:895][681]LogModuleManager: Shutting down and abandoning module IOSPlatformEditor (174)
[2016.07.06-20.56.34:895][681]LogModuleManager: Shutting down and abandoning module HTML5PlatformEditor (173)
[2016.07.06-20.56.34:895][681]LogModuleManager: Shutting down and abandoning module AndroidDeviceDetection (172)
[2016.07.06-20.56.35:142][681]LogModuleManager: Shutting down and abandoning module AndroidPlatformEditor (171)
[2016.07.06-20.56.35:142][681]LogModuleManager: Shutting down and abandoning module IOSRuntimeSettings (170)
[2016.07.06-20.56.35:142][681]LogModuleManager: Shutting down and abandoning module AndroidRuntimeSettings (169)
[2016.07.06-20.56.35:142][681]LogModuleManager: Shutting down and abandoning module MergeActors (168)
[2016.07.06-20.56.35:142][681]LogModuleManager: Shutting down and abandoning module SizeMap (167)
[2016.07.06-20.56.35:142][681]LogModuleManager: Shutting down and abandoning module TreeMap (166)
[2016.07.06-20.56.35:142][681]LogModuleManager: Shutting down and abandoning module ReferenceViewer (165)
[2016.07.06-20.56.35:142][681]LogModuleManager: Shutting down and abandoning module LocalizationService (164)
[2016.07.06-20.56.35:142][681]LogModuleManager: Shutting down and abandoning module LocalizationDashboard (163)
[2016.07.06-20.56.35:142][681]LogModuleManager: Shutting down and abandoning module HardwareTargeting (162)
[2016.07.06-20.56.35:142][681]LogModuleManager: Shutting down and abandoning module DeviceProfileEditor (161)
[2016.07.06-20.56.35:142][681]LogModuleManager: Shutting down and abandoning module UndoHistory (160)
[2016.07.06-20.56.35:143][681]LogModuleManager: Shutting down and abandoning module GameplayTagsEditor (159)
[2016.07.06-20.56.35:143][681]LogModuleManager: Shutting down and abandoning module UserFeedback (158)
[2016.07.06-20.56.35:143][681]LogModuleManager: Shutting down and abandoning module XmlParser (157)
[2016.07.06-20.56.35:143][681]LogModuleManager: Shutting down and abandoning module Blutility (156)
[2016.07.06-20.56.35:143][681]LogModuleManager: Shutting down and abandoning module ProjectTargetPlatformEditor (155)
[2016.07.06-20.56.35:143][681]LogModuleManager: Shutting down and abandoning module ProjectSettingsViewer (154)
[2016.07.06-20.56.35:143][681]LogModuleManager: Shutting down and abandoning module InputBindingEditor (153)
[2016.07.06-20.56.35:143][681]LogModuleManager: Shutting down and abandoning module EditorSettingsViewer (152)
[2016.07.06-20.56.35:143][681]LogModuleManager: Shutting down and abandoning module SettingsEditor (151)
[2016.07.06-20.56.35:143][681]LogModuleManager: Shutting down and abandoning module ProjectLauncher (150)
[2016.07.06-20.56.35:144][681]LogModuleManager: Shutting down and abandoning module SessionFrontend (149)
[2016.07.06-20.56.35:144][681]LogModuleManager: Shutting down and abandoning module ProfilerClient (148)
[2016.07.06-20.56.35:144][681]LogModuleManager: Shutting down and abandoning module TargetDeviceServices (147)
[2016.07.06-20.56.35:144][681]LogModuleManager: Shutting down and abandoning module DeviceManager (146)
[2016.07.06-20.56.35:144][681]LogModuleManager: Shutting down and abandoning module AutomationController (145)
[2016.07.06-20.56.35:144][681]LogModuleManager: Shutting down and abandoning module AutomationWindow (144)
[2016.07.06-20.56.35:144][681]LogModuleManager: Shutting down and abandoning module Layers (143)
[2016.07.06-20.56.35:144][681]LogModuleManager: Shutting down and abandoning module ComponentVisualizers (142)
[2016.07.06-20.56.35:144][681]LogModuleManager: Shutting down and abandoning module DetailCustomizations (141)
[2016.07.06-20.56.35:145][681]LogModuleManager: Shutting down and abandoning module PackagesDialog (140)
[2016.07.06-20.56.35:145][681]LogModuleManager: Shutting down and abandoning module Persona (139)
[2016.07.06-20.56.35:145][681]LogModuleManager: Shutting down and abandoning module Kismet (138)
[2016.07.06-20.56.35:145][681]LogModuleManager: Shutting down and abandoning module GraphEditor (137)
[2016.07.06-20.56.35:145][681]LogModuleManager: Shutting down and abandoning module ClassViewer (136)
[2016.07.06-20.56.35:145][681]LogModuleManager: Shutting down and abandoning module Toolbox (135)
[2016.07.06-20.56.35:145][681]LogModuleManager: Shutting down and abandoning module ModuleUI (134)
[2016.07.06-20.56.35:145][681]LogModuleManager: Shutting down and abandoning module MovieSceneTools (133)
[2016.07.06-20.56.35:145][681]LogModuleManager: Shutting down and abandoning module OutputLog (132)
[2016.07.06-20.56.35:145][681]LogModuleManager: Shutting down and abandoning module GammaUI (131)
[2016.07.06-20.56.35:145][681]LogModuleManager: Shutting down and abandoning module Documentation (130)
[2016.07.06-20.56.35:145][681]LogModuleManager: Shutting down and abandoning module GameLiveStreaming (129)
[2016.07.06-20.56.35:146][681]LogModuleManager: Shutting down and abandoning module StreamingPauseRendering (128)
[2016.07.06-20.56.35:146][681]LogModuleManager: Shutting down and abandoning module AnalyticsET (127)
[2016.07.06-20.56.35:146][681]LogModuleManager: Shutting down and abandoning module Analytics (126)
[2016.07.06-20.56.35:146][681]LogModuleManager: Shutting down and abandoning module AITestSuite (125)
[2016.07.06-20.56.35:146][681]LogModuleManager: Shutting down and abandoning module GameplayDebugger (124)
[2016.07.06-20.56.35:146][681]LogModuleManager: Shutting down and abandoning module AIModule (123)
[2016.07.06-20.56.35:146][681]LogModuleManager: Shutting down and abandoning module ProfilerService (122)
[2016.07.06-20.56.35:150][681]LogModuleManager: Shutting down and abandoning module TaskGraph (121)
[2016.07.06-20.56.35:150][681]LogModuleManager: Shutting down and abandoning module SlateRemote (120)
[2016.07.06-20.56.35:151][681]LogModuleManager: Shutting down and abandoning module SteamVRController (119)
[2016.07.06-20.56.35:151][681]LogModuleManager: Shutting down and abandoning module SteamVR (118)
[2016.07.06-20.56.35:151][681]LogModuleManager: Shutting down and abandoning module ProceduralMeshComponent (117)
[2016.07.06-20.56.35:151][681]LogModuleManager: Shutting down and abandoning module OculusRift (116)
[2016.07.06-20.56.35:151][681]LogModuleManager: Shutting down and abandoning module OculusLibrary (115)
[2016.07.06-20.56.35:151][681]LogModuleManager: Shutting down and abandoning module LeapMotionController (114)
[2016.07.06-20.56.35:196][681]LogModuleManager: Shutting down and abandoning module CustomMeshComponent (113)
[2016.07.06-20.56.35:196][681]LogModuleManager: Shutting down and abandoning module CableComponent (112)
[2016.07.06-20.56.35:196][681]LogModuleManager: Shutting down and abandoning module ArchVisCharacter (111)
[2016.07.06-20.56.35:196][681]LogModuleManager: Shutting down and abandoning module MessagingDebugger (110)
[2016.07.06-20.56.35:196][681]LogModuleManager: Shutting down and abandoning module MediaPlayerEditor (109)
[2016.07.06-20.56.35:196][681]LogModuleManager: Shutting down and abandoning module HTML5Networking (108)
[2016.07.06-20.56.35:196][681]LogModuleManager: Shutting down and abandoning module SpeedTreeImporter (107)
[2016.07.06-20.56.35:196][681]LogModuleManager: Shutting down and abandoning module PluginBrowser (106)
[2016.07.06-20.56.35:197][681]LogModuleManager: Shutting down and abandoning module EpicSurvey (105)
[2016.07.06-20.56.35:197][681]LogModuleManager: Shutting down and abandoning module DesktopPlatform (104)
[2016.07.06-20.56.35:197][681]LogModuleManager: Shutting down and abandoning module VisualStudioSourceCodeAccess (103)
[2016.07.06-20.56.35:197][681]LogModuleManager: Shutting down and abandoning module UObjectPlugin (102)
[2016.07.06-20.56.35:197][681]LogModuleManager: Shutting down and abandoning module SubversionSourceControl (101)
[2016.07.06-20.56.35:197][681]LogModuleManager: Shutting down and abandoning module PerforceSourceControl (100)
[2016.07.06-20.56.35:197][681]LogModuleManager: Shutting down and abandoning module SourceControl (99)
[2016.07.06-20.56.35:197][681]LogModuleManager: Shutting down and abandoning module GitSourceControl (98)
[2016.07.06-20.56.35:197][681]LogModuleManager: Shutting down and abandoning module LightPropagationVolumeEditor (97)
[2016.07.06-20.56.35:197][681]LogModuleManager: Shutting down and abandoning module PaperTiledImporter (96)
[2016.07.06-20.56.35:197][681]LogModuleManager: Shutting down and abandoning module PaperSpriteSheetImporter (95)
[2016.07.06-20.56.35:197][681]LogModuleManager: Shutting down and abandoning module MeshPaint (94)
[2016.07.06-20.56.35:197][681]LogModuleManager: Shutting down and abandoning module SlateReflector (93)
[2016.07.06-20.56.35:197][681]LogModuleManager: Shutting down and abandoning module HotReload (92)
[2016.07.06-20.56.35:197][681]LogModuleManager: Shutting down and abandoning module MainFrame (91)
[2016.07.06-20.56.35:198][681]LogModuleManager: Shutting down and abandoning module LevelEditor (90)
[2016.07.06-20.56.35:200][681]LogModuleManager: Shutting down and abandoning module DirectoryWatcher (89)
[2016.07.06-20.56.35:203][681]LogModuleManager: Shutting down and abandoning module AssetRegistry (88)
[2016.07.06-20.56.35:393][681]LogModuleManager: Shutting down and abandoning module ContentBrowser (87)
[2016.07.06-20.56.35:395][681]LogModuleManager: Shutting down and abandoning module Paper2DEditor (86)
[2016.07.06-20.56.35:395][681]LogModuleManager: Shutting down and abandoning module UdpMessaging (85)
[2016.07.06-20.56.35:496][681]LogModuleManager: Shutting down and abandoning module LightPropagationVolumeRuntime (84)
[2016.07.06-20.56.35:496][681]LogModuleManager: Shutting down and abandoning module Paper2D (83)
[2016.07.06-20.56.35:496][681]LogModuleManager: Shutting down and abandoning module WindowsMoviePlayer (82)
[2016.07.06-20.56.35:504][681]LogModuleManager: Shutting down and abandoning module Media (81)
[2016.07.06-20.56.35:504][681]LogModuleManager: Shutting down and abandoning module WmfMedia (80)
[2016.07.06-20.56.35:505][681]LogModuleManager: Shutting down and abandoning module OnlineBlueprintSupport (79)
[2016.07.06-20.56.35:505][681]LogModuleManager: Shutting down and abandoning module GameplayTasksEditor (78)
[2016.07.06-20.56.35:505][681]LogModuleManager: Shutting down and abandoning module PropertyEditor (77)
[2016.07.06-20.56.35:505][681]LogModuleManager: Shutting down and abandoning module BehaviorTreeEditor (76)
[2016.07.06-20.56.35:505][681]LogModuleManager: Shutting down and abandoning module FunctionalTesting (75)
[2016.07.06-20.56.35:505][681]LogModuleManager: Shutting down and abandoning module CollisionAnalyzer (74)
[2016.07.06-20.56.35:505][681]LogModuleManager: Shutting down and abandoning module WorkspaceMenuStructure (73)
[2016.07.06-20.56.35:505][681]LogModuleManager: Shutting down and abandoning module MessageLog (72)
[2016.07.06-20.56.35:505][681]LogModuleManager: Shutting down and abandoning module Sequencer (71)
[2016.07.06-20.56.35:506][681]LogModuleManager: Shutting down and abandoning module AssetTools (70)
[2016.07.06-20.56.35:506][681]LogModuleManager: Shutting down and abandoning module UMGEditor (69)
[2016.07.06-20.56.35:506][681]LogModuleManager: Shutting down and abandoning module UMG (68)
[2016.07.06-20.56.35:506][681]LogModuleManager: Shutting down and abandoning module Slate (67)
[2016.07.06-20.56.35:506][681]LogModuleManager: Shutting down and abandoning module EditorStyle (66)
[2016.07.06-20.56.35:522][681]LogModuleManager: Shutting down and abandoning module SessionServices (65)
[2016.07.06-20.56.35:522][681]LogModuleManager: Shutting down and abandoning module SourceCodeAccess (64)
[2016.07.06-20.56.35:522][681]LogModuleManager: Shutting down and abandoning module HeadMountedDisplay (63)
[2016.07.06-20.56.35:522][681]LogModuleManager: Shutting down and abandoning module XAudio2 (62)
[2016.07.06-20.56.35:522][681]LogModuleManager: Shutting down and abandoning module Networking (60)
[2016.07.06-20.56.35:522][681]LogModuleManager: Shutting down and abandoning module Core (59)
[2016.07.06-20.56.35:522][681]LogModuleManager: Shutting down and abandoning module KismetCompiler (58)
[2016.07.06-20.56.35:522][681]LogModuleManager: Shutting down and abandoning module PhysXFormats (57)
[2016.07.06-20.56.35:522][681]LogModuleManager: Shutting down and abandoning module MeshUtilities (56)
[2016.07.06-20.56.35:522][681]LogModuleManager: Shutting down and abandoning module CookingStats (55)
[2016.07.06-20.56.35:525][681]LogModuleManager: Shutting down and abandoning module DerivedDataCache (54)
[2016.07.06-20.56.35:550][681]LogDerivedDataCache: Shutdown
[2016.07.06-20.56.35:550][681]LogModuleManager: Shutting down and abandoning module ShaderFormatOpenGL (53)
[2016.07.06-20.56.35:550][681]LogModuleManager: Shutting down and abandoning module ShaderFormatD3D (52)
[2016.07.06-20.56.35:550][681]LogModuleManager: Shutting down and abandoning module MetalShaderFormat (51)
[2016.07.06-20.56.35:550][681]LogModuleManager: Shutting down and abandoning module TextureFormatUncompressed (50)
[2016.07.06-20.56.35:550][681]LogModuleManager: Shutting down and abandoning module TextureFormatPVR (49)
[2016.07.06-20.56.35:550][681]LogModuleManager: Shutting down and abandoning module TextureFormatIntelISPCTexComp (48)
[2016.07.06-20.56.35:550][681]LogModuleManager: Shutting down and abandoning module TextureFormatDXT (47)
[2016.07.06-20.56.35:550][681]LogModuleManager: Shutting down and abandoning module ImageWrapper (46)
[2016.07.06-20.56.35:551][681]LogModuleManager: Shutting down and abandoning module TextureFormatASTC (45)
[2016.07.06-20.56.35:551][681]LogModuleManager: Shutting down and abandoning module TextureFormatAndroid (44)
[2016.07.06-20.56.35:551][681]LogModuleManager: Shutting down and abandoning module AudioFormatOpus (43)
[2016.07.06-20.56.35:551][681]LogModuleManager: Shutting down and abandoning module AudioFormatOgg (42)
[2016.07.06-20.56.35:551][681]LogModuleManager: Shutting down and abandoning module AudioFormatADPCM (41)
[2016.07.06-20.56.35:551][681]LogModuleManager: Shutting down and abandoning module LinuxTargetPlatform (40)
[2016.07.06-20.56.35:551][681]LogModuleManager: Shutting down and abandoning module LinuxServerTargetPlatform (39)
[2016.07.06-20.56.35:551][681]LogModuleManager: Shutting down and abandoning module LinuxNoEditorTargetPlatform (38)
[2016.07.06-20.56.35:551][681]LogModuleManager: Shutting down and abandoning module Messaging (37)
[2016.07.06-20.56.35:551][681]LogModuleManager: Shutting down and abandoning module IOSTargetPlatform (36)
[2016.07.06-20.56.35:551][681]LogModuleManager: Shutting down and abandoning module HTML5TargetPlatform (35)
[2016.07.06-20.56.35:551][681]LogModuleManager: Shutting down and abandoning module Android_PVRTCTargetPlatform (34)
[2016.07.06-20.56.35:551][681]LogModuleManager: Shutting down and abandoning module Android_ETC2TargetPlatform (33)
[2016.07.06-20.56.35:551][681]LogModuleManager: Shutting down and abandoning module Android_ETC1TargetPlatform (32)
[2016.07.06-20.56.35:551][681]LogModuleManager: Shutting down and abandoning module Android_DXTTargetPlatform (31)
[2016.07.06-20.56.35:551][681]LogModuleManager: Shutting down and abandoning module Android_ATCTargetPlatform (30)
[2016.07.06-20.56.35:551][681]LogModuleManager: Shutting down and abandoning module Android_ASTCTargetPlatform (29)
[2016.07.06-20.56.35:552][681]LogModuleManager: Shutting down and abandoning module AndroidTargetPlatform (28)
[2016.07.06-20.56.35:552][681]LogModuleManager: Shutting down and abandoning module WindowsTargetPlatform (27)
[2016.07.06-20.56.35:552][681]LogModuleManager: Shutting down and abandoning module WindowsServerTargetPlatform (26)
[2016.07.06-20.56.35:552][681]LogModuleManager: Shutting down and abandoning module WindowsNoEditorTargetPlatform (25)
[2016.07.06-20.56.35:552][681]LogModuleManager: Shutting down and abandoning module WindowsClientTargetPlatform (24)
[2016.07.06-20.56.35:552][681]LogModuleManager: Shutting down and abandoning module AllDesktopTargetPlatform (23)
[2016.07.06-20.56.35:552][681]LogModuleManager: Shutting down and abandoning module TargetPlatform (22)
[2016.07.06-20.56.35:552][681]LogModuleManager: Shutting down and abandoning module InputCore (21)
[2016.07.06-20.56.35:552][681]LogModuleManager: Shutting down and abandoning module Settings (20)
[2016.07.06-20.56.35:552][681]LogModuleManager: Shutting down and abandoning module OnlineSubsystem (18)
[2016.07.06-20.56.35:552][681]LogModuleManager: Shutting down and abandoning module HTTP (17)
[2016.07.06-20.56.37:562][681]LogModuleManager: Shutting down and abandoning module XMPP (16)
[2016.07.06-20.56.37:562][681]LogModuleManager: Shutting down and abandoning module ExampleDeviceProfileSelector (15)
[2016.07.06-20.56.37:562][681]LogModuleManager: Shutting down and abandoning module TextureCompressor (14)
[2016.07.06-20.56.37:563][681]LogModuleManager: Shutting down and abandoning module ShaderCore (13)
[2016.07.06-20.56.37:563][681]LogModuleManager: Shutting down and abandoning module Landscape (12)
[2016.07.06-20.56.37:563][681]LogModuleManager: Shutting down and abandoning module SlateRHIRenderer (11)
[2016.07.06-20.56.37:567][681]LogModuleManager: Shutting down and abandoning module OpenGLDrv (10)
[2016.07.06-20.56.37:567][681]LogModuleManager: Shutting down and abandoning module D3D11RHI (9)
[2016.07.06-20.56.37:567][681]LogModuleManager: Shutting down and abandoning module AnimGraphRuntime (8)
[2016.07.06-20.56.37:567][681]LogModuleManager: Shutting down and abandoning module Renderer (7)
[2016.07.06-20.56.37:567][681]LogModuleManager: Shutting down and abandoning module Engine (6)
[2016.07.06-20.56.37:567][681]LogModuleManager: Shutting down and abandoning module CoreUObject (5)
[2016.07.06-20.56.37:567][681]LogModuleManager: Shutting down and abandoning module NetworkFile (4)
[2016.07.06-20.56.37:567][681]LogModuleManager: Shutting down and abandoning module StreamingFile (3)
[2016.07.06-20.56.37:567][681]LogModuleManager: Shutting down and abandoning module SandboxFile (2)
[2016.07.06-20.56.37:567][681]LogModuleManager: Shutting down and abandoning module PakFile (1)
[2016.07.06-20.56.37:568][681]LogExit: Exiting.
[2016.07.06-20.56.37:625][681]Log file closed, 07/06/16 14:56:37
